Info: Starting: Create block symbol file (.bsf)
Info: qsys-generate C:\Users\vrnan\FYP_Pathfinder\QuartusTest\a_star_alg\nios2_system.qsys --block-symbol-file --output-directory=C:\Users\vrnan\FYP_Pathfinder\QuartusTest\a_star_alg\nios2_system --family="Cyclone V" --part=5CSEMA5F31C6
Progress: Loading a_star_alg/nios2_system.qsys
Progress: Reading input file
Progress: Adding clk_0 [clock_source 18.1]
Progress: Parameterizing module clk_0
Progress: Adding cpu [altera_nios2_gen2 18.1]
Progress: Parameterizing module cpu
Progress: Adding fp_add_0 [fp_add 1.0]
Progress: Parameterizing module fp_add_0
Progress: Adding fp_mult_0 [fp_mult 1.0]
Progress: Parameterizing module fp_mult_0
Progress: Adding fp_sqrt_0 [fp_sqrt 1.0]
Progress: Parameterizing module fp_sqrt_0
Progress: Adding fp_sub_0 [fp_sub 1.0]
Progress: Parameterizing module fp_sub_0
Progress: Adding jtag_uart [altera_avalon_jtag_uart 18.1]
Progress: Parameterizing module jtag_uart
Progress: Adding led_pio [altera_avalon_pio 18.1]
Progress: Parameterizing module led_pio
Progress: Adding onchip_mem [altera_avalon_onchip_memory2 18.1]
Progress: Parameterizing module onchip_mem
Progress: Adding sdram [altera_avalon_new_sdram_controller 18.1]
Progress: Parameterizing module sdram
Progress: Adding sysid [altera_avalon_sysid_qsys 18.1]
Progress: Parameterizing module sysid
Progress: Adding timestamp_timer [altera_avalon_timer 18.1]
Progress: Parameterizing module timestamp_timer
Progress: Building connections
Progress: Parameterizing connections
Progress: Validating
Progress: Done reading input file
Info: nios2_system.jtag_uart: JTAG UART IP input clock need to be at least double (2x) the operating frequency of JTAG TCK on board
Info: nios2_system.sdram: SDRAM Controller will only be supported in Quartus Prime Standard Edition in the future release.
Info: nios2_system.sysid: System ID is not assigned automatically. Edit the System ID parameter to provide a unique ID
Info: nios2_system.sysid: Time stamp will be automatically updated when this component is generated.
Info: qsys-generate succeeded.
Info: Finished: Create block symbol file (.bsf)
Info: 
Info: Starting: Create HDL design files for synthesis
Info: qsys-generate C:\Users\vrnan\FYP_Pathfinder\QuartusTest\a_star_alg\nios2_system.qsys --synthesis=VERILOG --output-directory=C:\Users\vrnan\FYP_Pathfinder\QuartusTest\a_star_alg\nios2_system\synthesis --family="Cyclone V" --part=5CSEMA5F31C6
Progress: Loading a_star_alg/nios2_system.qsys
Progress: Reading input file
Progress: Adding clk_0 [clock_source 18.1]
Progress: Parameterizing module clk_0
Progress: Adding cpu [altera_nios2_gen2 18.1]
Progress: Parameterizing module cpu
Progress: Adding fp_add_0 [fp_add 1.0]
Progress: Parameterizing module fp_add_0
Progress: Adding fp_mult_0 [fp_mult 1.0]
Progress: Parameterizing module fp_mult_0
Progress: Adding fp_sqrt_0 [fp_sqrt 1.0]
Progress: Parameterizing module fp_sqrt_0
Progress: Adding fp_sub_0 [fp_sub 1.0]
Progress: Parameterizing module fp_sub_0
Progress: Adding jtag_uart [altera_avalon_jtag_uart 18.1]
Progress: Parameterizing module jtag_uart
Progress: Adding led_pio [altera_avalon_pio 18.1]
Progress: Parameterizing module led_pio
Progress: Adding onchip_mem [altera_avalon_onchip_memory2 18.1]
Progress: Parameterizing module onchip_mem
Progress: Adding sdram [altera_avalon_new_sdram_controller 18.1]
Progress: Parameterizing module sdram
Progress: Adding sysid [altera_avalon_sysid_qsys 18.1]
Progress: Parameterizing module sysid
Progress: Adding timestamp_timer [altera_avalon_timer 18.1]
Progress: Parameterizing module timestamp_timer
Progress: Building connections
Progress: Parameterizing connections
Progress: Validating
Progress: Done reading input file
Info: nios2_system.jtag_uart: JTAG UART IP input clock need to be at least double (2x) the operating frequency of JTAG TCK on board
Info: nios2_system.sdram: SDRAM Controller will only be supported in Quartus Prime Standard Edition in the future release.
Info: nios2_system.sysid: System ID is not assigned automatically. Edit the System ID parameter to provide a unique ID
Info: nios2_system.sysid: Time stamp will be automatically updated when this component is generated.
Info: nios2_system: Generating nios2_system "nios2_system" for QUARTUS_SYNTH
Warning: nios2_system: "No matching role found for cpu_custom_instruction_master_translator:ci_slave:ci_slave_result (result)"
Warning: nios2_system: "No matching role found for cpu_custom_instruction_master_multi_xconnect:ci_slave:ci_slave_ipending (ipending)"
Warning: nios2_system: "No matching role found for cpu_custom_instruction_master_multi_xconnect:ci_slave:ci_slave_estatus (estatus)"
Warning: nios2_system: "No matching role found for cpu_custom_instruction_master_multi_slave_translator0:ci_master:ci_master_clken (clk_en)"
Warning: nios2_system: "No matching role found for cpu_custom_instruction_master_multi_slave_translator1:ci_master:ci_master_clken (clk_en)"
Warning: nios2_system: "No matching role found for cpu_custom_instruction_master_multi_slave_translator2:ci_master:ci_master_clken (clk_en)"
Warning: nios2_system: "No matching role found for cpu_custom_instruction_master_multi_slave_translator3:ci_master:ci_master_clken (clk_en)"
Info: cpu: "nios2_system" instantiated altera_nios2_gen2 "cpu"
Info: fp_add_0: "nios2_system" instantiated fp_add "fp_add_0"
Info: fp_mult_0: "nios2_system" instantiated fp_mult "fp_mult_0"
Info: fp_sqrt_0: "nios2_system" instantiated fp_sqrt "fp_sqrt_0"
Info: fp_sub_0: "nios2_system" instantiated fp_sub "fp_sub_0"
Info: jtag_uart: Starting RTL generation for module 'nios2_system_jtag_uart'
Info: jtag_uart:   Generation command is [exec C:/intelfpga_lite/18.1/quartus/bin64/perl/bin/perl.exe -I C:/intelfpga_lite/18.1/quartus/bin64/perl/lib -I C:/intelfpga_lite/18.1/quartus/sopc_builder/bin/europa -I C:/intelfpga_lite/18.1/quartus/sopc_builder/bin/perl_lib -I C:/intelfpga_lite/18.1/quartus/sopc_builder/bin -I C:/intelfpga_lite/18.1/quartus/../ip/altera/sopc_builder_ip/common -I C:/intelfpga_lite/18.1/quartus/../ip/altera/sopc_builder_ip/altera_avalon_jtag_uart -- C:/intelfpga_lite/18.1/quartus/../ip/altera/sopc_builder_ip/altera_avalon_jtag_uart/generate_rtl.pl --name=nios2_system_jtag_uart --dir=C:/Users/vrnan/AppData/Local/Temp/alt9880_8375911567307116325.dir/0006_jtag_uart_gen/ --quartus_dir=C:/intelfpga_lite/18.1/quartus --verilog --config=C:/Users/vrnan/AppData/Local/Temp/alt9880_8375911567307116325.dir/0006_jtag_uart_gen//nios2_system_jtag_uart_component_configuration.pl  --do_build_sim=0  ]
Info: jtag_uart: Done RTL generation for module 'nios2_system_jtag_uart'
Info: jtag_uart: "nios2_system" instantiated altera_avalon_jtag_uart "jtag_uart"
Info: led_pio: Starting RTL generation for module 'nios2_system_led_pio'
Info: led_pio:   Generation command is [exec C:/intelfpga_lite/18.1/quartus/bin64/perl/bin/perl.exe -I C:/intelfpga_lite/18.1/quartus/bin64/perl/lib -I C:/intelfpga_lite/18.1/quartus/sopc_builder/bin/europa -I C:/intelfpga_lite/18.1/quartus/sopc_builder/bin/perl_lib -I C:/intelfpga_lite/18.1/quartus/sopc_builder/bin -I C:/intelfpga_lite/18.1/quartus/../ip/altera/sopc_builder_ip/common -I C:/intelfpga_lite/18.1/quartus/../ip/altera/sopc_builder_ip/altera_avalon_pio -- C:/intelfpga_lite/18.1/quartus/../ip/altera/sopc_builder_ip/altera_avalon_pio/generate_rtl.pl --name=nios2_system_led_pio --dir=C:/Users/vrnan/AppData/Local/Temp/alt9880_8375911567307116325.dir/0007_led_pio_gen/ --quartus_dir=C:/intelfpga_lite/18.1/quartus --verilog --config=C:/Users/vrnan/AppData/Local/Temp/alt9880_8375911567307116325.dir/0007_led_pio_gen//nios2_system_led_pio_component_configuration.pl  --do_build_sim=0  ]
Info: led_pio: Done RTL generation for module 'nios2_system_led_pio'
Info: led_pio: "nios2_system" instantiated altera_avalon_pio "led_pio"
Info: sdram: Starting RTL generation for module 'nios2_system_sdram'
Info: sdram:   Generation command is [exec C:/intelfpga_lite/18.1/quartus/bin64/perl/bin/perl.exe -I C:/intelfpga_lite/18.1/quartus/bin64/perl/lib -I C:/intelfpga_lite/18.1/quartus/sopc_builder/bin/europa -I C:/intelfpga_lite/18.1/quartus/sopc_builder/bin/perl_lib -I C:/intelfpga_lite/18.1/quartus/sopc_builder/bin -I C:/intelfpga_lite/18.1/quartus/../ip/altera/sopc_builder_ip/common -I C:/intelfpga_lite/18.1/quartus/../ip/altera/sopc_builder_ip/altera_avalon_new_sdram_controller -- C:/intelfpga_lite/18.1/quartus/../ip/altera/sopc_builder_ip/altera_avalon_new_sdram_controller/generate_rtl.pl --name=nios2_system_sdram --dir=C:/Users/vrnan/AppData/Local/Temp/alt9880_8375911567307116325.dir/0008_sdram_gen/ --quartus_dir=C:/intelfpga_lite/18.1/quartus --verilog --config=C:/Users/vrnan/AppData/Local/Temp/alt9880_8375911567307116325.dir/0008_sdram_gen//nios2_system_sdram_component_configuration.pl  --do_build_sim=0  ]
Info: sdram: Done RTL generation for module 'nios2_system_sdram'
Info: sdram: "nios2_system" instantiated altera_avalon_new_sdram_controller "sdram"
Info: sysid: "nios2_system" instantiated altera_avalon_sysid_qsys "sysid"
Info: timestamp_timer: Starting RTL generation for module 'nios2_system_timestamp_timer'
Info: timestamp_timer:   Generation command is [exec C:/intelFPGA_lite/18.1/quartus/bin64//perl/bin/perl.exe -I C:/intelFPGA_lite/18.1/quartus/bin64//perl/lib -I C:/intelfpga_lite/18.1/quartus/sopc_builder/bin/europa -I C:/intelfpga_lite/18.1/quartus/sopc_builder/bin/perl_lib -I C:/intelfpga_lite/18.1/quartus/sopc_builder/bin -I C:/intelfpga_lite/18.1/quartus/../ip/altera/sopc_builder_ip/common -I C:/intelfpga_lite/18.1/quartus/../ip/altera/sopc_builder_ip/altera_avalon_timer -- C:/intelfpga_lite/18.1/quartus/../ip/altera/sopc_builder_ip/altera_avalon_timer/generate_rtl.pl --name=nios2_system_timestamp_timer --dir=C:/Users/vrnan/AppData/Local/Temp/alt9880_8375911567307116325.dir/0010_timestamp_timer_gen/ --quartus_dir=C:/intelfpga_lite/18.1/quartus --verilog --config=C:/Users/vrnan/AppData/Local/Temp/alt9880_8375911567307116325.dir/0010_timestamp_timer_gen//nios2_system_timestamp_timer_component_configuration.pl  --do_build_sim=0  ]
Info: timestamp_timer: Done RTL generation for module 'nios2_system_timestamp_timer'
Info: timestamp_timer: "nios2_system" instantiated altera_avalon_timer "timestamp_timer"
Info: cpu_custom_instruction_master_translator: "nios2_system" instantiated altera_customins_master_translator "cpu_custom_instruction_master_translator"
Info: cpu_custom_instruction_master_multi_xconnect: "nios2_system" instantiated altera_customins_xconnect "cpu_custom_instruction_master_multi_xconnect"
Info: cpu_custom_instruction_master_multi_slave_translator0: "nios2_system" instantiated altera_customins_slave_translator "cpu_custom_instruction_master_multi_slave_translator0"
Info: avalon_st_adapter: Inserting error_adapter: error_adapter_0
Info: avalon_st_adapter_001: Inserting error_adapter: error_adapter_0
Info: avalon_st_adapter_002: Inserting error_adapter: error_adapter_0
Info: avalon_st_adapter_003: Inserting error_adapter: error_adapter_0
Info: avalon_st_adapter_004: Inserting error_adapter: error_adapter_0
Info: avalon_st_adapter_005: Inserting error_adapter: error_adapter_0
Info: mm_interconnect_0: "nios2_system" instantiated altera_mm_interconnect "mm_interconnect_0"
Info: irq_mapper: "nios2_system" instantiated altera_irq_mapper "irq_mapper"
Info: rst_controller: "nios2_system" instantiated altera_reset_controller "rst_controller"
Info: cpu: Starting RTL generation for module 'nios2_system_cpu_cpu'
Info: cpu:   Generation command is [exec C:/intelFPGA_lite/18.1/quartus/bin64//eperlcmd.exe -I C:/intelFPGA_lite/18.1/quartus/bin64//perl/lib -I C:/intelfpga_lite/18.1/quartus/sopc_builder/bin/europa -I C:/intelfpga_lite/18.1/quartus/sopc_builder/bin/perl_lib -I C:/intelfpga_lite/18.1/quartus/sopc_builder/bin -I C:/intelfpga_lite/18.1/quartus/../ip/altera/nios2_ip/altera_nios2_gen2/cpu_lib -I C:/intelfpga_lite/18.1/quartus/../ip/altera/nios2_ip/altera_nios2_gen2/nios_lib -I C:/intelfpga_lite/18.1/quartus/../ip/altera/nios2_ip/altera_nios2_gen2 -I C:/intelfpga_lite/18.1/quartus/../ip/altera/nios2_ip/altera_nios2_gen2 -- C:/intelfpga_lite/18.1/quartus/../ip/altera/nios2_ip/altera_nios2_gen2/generate_rtl.epl --name=nios2_system_cpu_cpu --dir=C:/Users/vrnan/AppData/Local/Temp/alt9880_8375911567307116325.dir/0016_cpu_gen/ --quartus_bindir=C:/intelFPGA_lite/18.1/quartus/bin64/ --verilog --config=C:/Users/vrnan/AppData/Local/Temp/alt9880_8375911567307116325.dir/0016_cpu_gen//nios2_system_cpu_cpu_processor_configuration.pl  --do_build_sim=0  ]
Info: cpu: # 2024.06.06 13:22:38 (*) Starting Nios II generation
Info: cpu: # 2024.06.06 13:22:38 (*)   Checking for plaintext license.
Info: cpu: # 2024.06.06 13:22:39 (*)   Couldn't query license setup in Quartus directory C:/intelFPGA_lite/18.1/quartus/bin64/
Info: cpu: # 2024.06.06 13:22:39 (*)   Defaulting to contents of LM_LICENSE_FILE environment variable
Info: cpu: # 2024.06.06 13:22:39 (*)   LM_LICENSE_FILE environment variable is empty
Info: cpu: # 2024.06.06 13:22:39 (*)   Plaintext license not found.
Info: cpu: # 2024.06.06 13:22:39 (*)   Checking for encrypted license (non-evaluation).
Info: cpu: # 2024.06.06 13:22:40 (*)   Couldn't query license setup in Quartus directory C:/intelFPGA_lite/18.1/quartus/bin64/
Info: cpu: # 2024.06.06 13:22:40 (*)   Defaulting to contents of LM_LICENSE_FILE environment variable
Info: cpu: # 2024.06.06 13:22:40 (*)   LM_LICENSE_FILE environment variable is empty
Info: cpu: # 2024.06.06 13:22:40 (*)   Encrypted license not found.  Defaulting to OCP evaluation license (produces a time-limited SOF)
Info: cpu: # 2024.06.06 13:22:40 (*)   Elaborating CPU configuration settings
Info: cpu: # 2024.06.06 13:22:40 (*)   Creating all objects for CPU
Info: cpu: # 2024.06.06 13:22:40 (*)     Testbench
Info: cpu: # 2024.06.06 13:22:40 (*)     Instruction decoding
Info: cpu: # 2024.06.06 13:22:40 (*)       Instruction fields
Info: cpu: # 2024.06.06 13:22:40 (*)       Instruction decodes
Info: cpu: # 2024.06.06 13:22:40 (*)       Signals for RTL simulation waveforms
Info: cpu: # 2024.06.06 13:22:40 (*)       Instruction controls
Info: cpu: # 2024.06.06 13:22:40 (*)     Pipeline frontend
Info: cpu: # 2024.06.06 13:22:40 (*)     Pipeline backend
Info: cpu: # 2024.06.06 13:22:42 (*)   Generating RTL from CPU objects
Info: cpu: # 2024.06.06 13:22:43 (*)   Creating encrypted RTL
Info: cpu: # 2024.06.06 13:22:44 (*) Done Nios II generation
Info: cpu: Done RTL generation for module 'nios2_system_cpu_cpu'
Info: cpu: "cpu" instantiated altera_nios2_gen2_unit "cpu"
Info: cpu_data_master_translator: "mm_interconnect_0" instantiated altera_merlin_master_translator "cpu_data_master_translator"
Info: jtag_uart_avalon_jtag_slave_translator: "mm_interconnect_0" instantiated altera_merlin_slave_translator "jtag_uart_avalon_jtag_slave_translator"
Info: cpu_data_master_agent: "mm_interconnect_0" instantiated altera_merlin_master_agent "cpu_data_master_agent"
Info: jtag_uart_avalon_jtag_slave_agent: "mm_interconnect_0" instantiated altera_merlin_slave_agent "jtag_uart_avalon_jtag_slave_agent"
Info: jtag_uart_avalon_jtag_slave_agent_rsp_fifo: "mm_interconnect_0" instantiated altera_avalon_sc_fifo "jtag_uart_avalon_jtag_slave_agent_rsp_fifo"
Info: router: "mm_interconnect_0" instantiated altera_merlin_router "router"
Info: router_001: "mm_interconnect_0" instantiated altera_merlin_router "router_001"
Info: router_002: "mm_interconnect_0" instantiated altera_merlin_router "router_002"
Info: router_004: "mm_interconnect_0" instantiated altera_merlin_router "router_004"
Info: router_007: "mm_interconnect_0" instantiated altera_merlin_router "router_007"
Info: cpu_data_master_limiter: "mm_interconnect_0" instantiated altera_merlin_traffic_limiter "cpu_data_master_limiter"
Info: Reusing file C:/Users/vrnan/FYP_Pathfinder/QuartusTest/a_star_alg/nios2_system/synthesis/submodules/altera_avalon_sc_fifo.v
Info: sdram_s1_burst_adapter: "mm_interconnect_0" instantiated altera_merlin_burst_adapter "sdram_s1_burst_adapter"
Info: Reusing file C:/Users/vrnan/FYP_Pathfinder/QuartusTest/a_star_alg/nios2_system/synthesis/submodules/altera_avalon_st_pipeline_base.v
Info: cmd_demux: "mm_interconnect_0" instantiated altera_merlin_demultiplexer "cmd_demux"
Info: cmd_demux_001: "mm_interconnect_0" instantiated altera_merlin_demultiplexer "cmd_demux_001"
Info: cmd_mux: "mm_interconnect_0" instantiated altera_merlin_multiplexer "cmd_mux"
Info: cmd_mux_002: "mm_interconnect_0" instantiated altera_merlin_multiplexer "cmd_mux_002"
Info: Reusing file C:/Users/vrnan/FYP_Pathfinder/QuartusTest/a_star_alg/nios2_system/synthesis/submodules/altera_merlin_arbitrator.sv
Info: rsp_demux: "mm_interconnect_0" instantiated altera_merlin_demultiplexer "rsp_demux"
Info: rsp_demux_002: "mm_interconnect_0" instantiated altera_merlin_demultiplexer "rsp_demux_002"
Info: rsp_mux: "mm_interconnect_0" instantiated altera_merlin_multiplexer "rsp_mux"
Info: Reusing file C:/Users/vrnan/FYP_Pathfinder/QuartusTest/a_star_alg/nios2_system/synthesis/submodules/altera_merlin_arbitrator.sv
Info: rsp_mux_001: "mm_interconnect_0" instantiated altera_merlin_multiplexer "rsp_mux_001"
Info: Reusing file C:/Users/vrnan/FYP_Pathfinder/QuartusTest/a_star_alg/nios2_system/synthesis/submodules/altera_merlin_arbitrator.sv
Info: sdram_s1_rsp_width_adapter: "mm_interconnect_0" instantiated altera_merlin_width_adapter "sdram_s1_rsp_width_adapter"
Info: Reusing file C:/Users/vrnan/FYP_Pathfinder/QuartusTest/a_star_alg/nios2_system/synthesis/submodules/altera_merlin_address_alignment.sv
Info: Reusing file C:/Users/vrnan/FYP_Pathfinder/QuartusTest/a_star_alg/nios2_system/synthesis/submodules/altera_merlin_burst_uncompressor.sv
Info: avalon_st_adapter: "mm_interconnect_0" instantiated altera_avalon_st_adapter "avalon_st_adapter"
Info: avalon_st_adapter_005: "mm_interconnect_0" instantiated altera_avalon_st_adapter "avalon_st_adapter_005"
Info: error_adapter_0: "avalon_st_adapter" instantiated error_adapter "error_adapter_0"
Info: error_adapter_0: "avalon_st_adapter_005" instantiated error_adapter "error_adapter_0"
Info: nios2_system: Done "nios2_system" with 43 modules, 69 files
Info: qsys-generate succeeded.
Info: Finished: Create HDL design files for synthesis
